%このファイルは日本語文字を含みます.
\BOOKMARK [0][-]{chapter.1}{序論}{}% 1
\BOOKMARK [1][-]{section.1.1}{背景}{chapter.1}% 2
\BOOKMARK [1][-]{section.1.2}{本研究の目的}{chapter.1}% 3
\BOOKMARK [1][-]{section.1.3}{本論文の構成}{chapter.1}% 4
\BOOKMARK [0][-]{chapter.2}{関連研究}{}% 5
\BOOKMARK [1][-]{section.2.1}{アプリレビューのマイニング}{chapter.2}% 6
\BOOKMARK [1][-]{section.2.2}{ツイートとアプリレビューの関連性}{chapter.2}% 7
\BOOKMARK [0][-]{chapter.3}{基盤技術}{}% 8
\BOOKMARK [1][-]{section.3.1}{機械学習}{chapter.3}% 9
\BOOKMARK [1][-]{section.3.2}{自然言語処理}{chapter.3}% 10
\BOOKMARK [1][-]{section.3.3}{BERT}{chapter.3}% 11
\BOOKMARK [1][-]{section.3.4}{Chinese Whispers}{chapter.3}% 12
\BOOKMARK [0][-]{chapter.4}{提案}{}% 13
\BOOKMARK [1][-]{section.4.1}{概要}{chapter.4}% 14
\BOOKMARK [1][-]{section.4.2}{対象アプリとレビュー}{chapter.4}% 15
\BOOKMARK [1][-]{section.4.3}{スクレイピング}{chapter.4}% 16
\BOOKMARK [1][-]{section.4.4}{前処理}{chapter.4}% 17
\BOOKMARK [1][-]{section.4.5}{自動抽出}{chapter.4}% 18
\BOOKMARK [1][-]{section.4.6}{クラスタリング}{chapter.4}% 19
\BOOKMARK [1][-]{section.4.7}{画面出力・可視化}{chapter.4}% 20
\BOOKMARK [0][-]{chapter.5}{実装}{}% 21
\BOOKMARK [1][-]{section.5.1}{実装環境}{chapter.5}% 22
\BOOKMARK [1][-]{section.5.2}{Google Playストアのスクレイピング}{chapter.5}% 23
\BOOKMARK [1][-]{section.5.3}{Xのスクレイピング}{chapter.5}% 24
\BOOKMARK [1][-]{section.5.4}{前処理}{chapter.5}% 25
\BOOKMARK [1][-]{section.5.5}{有用な箇所の自動抽出}{chapter.5}% 26
\BOOKMARK [1][-]{section.5.6}{クラスタリング}{chapter.5}% 27
\BOOKMARK [1][-]{section.5.7}{画面出力・可視化}{chapter.5}% 28
\BOOKMARK [0][-]{chapter.6}{結果・評価}{}% 29
\BOOKMARK [1][-]{section.6.1}{RQ1:レビューの抽出性能の調査}{chapter.6}% 30
\BOOKMARK [1][-]{section.6.2}{RQ2:抽出文を用いたクラスタリングの性能調査}{chapter.6}% 31
\BOOKMARK [1][-]{section.6.3}{RQ3:可視化ツールの有用性}{chapter.6}% 32
\BOOKMARK [0][-]{chapter.7}{結論}{}% 33
\BOOKMARK [0][-]{chapter*.4}{謝辞}{}% 34
\BOOKMARK [0][-]{chapter*.5}{参考文献}{}% 35
